<?xml version="1.0" encoding="UTF-8"?>
<!-- Generated by org.testng.reporters.JUnitReportReporter -->
<testsuite hostname="LAPTOP-BDM6FK70" failures="0" tests="1" name="org.selenium.openCartTest.OpencartTest" time="7.400" errors="0" timestamp="2022-07-25T23:08:06 IST" skipped="0">
  <testcase classname="org.selenium.openCartTest.OpencartTest" name="openCartApp" time="7.400"/>
  <system-out/>
</testsuite> <!-- org.selenium.openCartTest.OpencartTest -->
