<?xml version="1.0" encoding="UTF-8"?>
<!-- Generated by org.testng.reporters.JUnitReportReporter -->
<testsuite hostname="LAPTOP-BDM6FK70" failures="0" tests="1" name="mavenforjenkins.UITest" time="7.140" errors="0" timestamp="2022-07-21T13:11:07 IST" skipped="0">
  <testcase classname="mavenforjenkins.UITest" name="startBrowser" time="7.140"/>
  <system-out/>
</testsuite> <!-- mavenforjenkins.UITest -->
