<?xml version="1.0" encoding="UTF-8"?>
<!-- Generated by org.testng.reporters.JUnitReportReporter -->
<testsuite hostname="LAPTOP-BDM6FK70" failures="0" tests="1" name="mavenforjenkins.UITest" time="61.523" errors="0" timestamp="2022-07-25T18:41:48 IST" skipped="0">
  <testcase classname="mavenforjenkins.UITest" name="startBrowser" time="61.523"/>
  <system-out/>
</testsuite> <!-- mavenforjenkins.UITest -->
